Using pre-set license
Built from '2021.3/staging' branch; Version is '2021.3.22f1 (b6c551784ba3) revision 11978065'; Using compiler version '192829333'; Build Type 'Release'
OS: 'Windows 10  (10.0.19045) 64bit Professional' Language: 'tr' Physical Memory: 16333 MB
BatchMode: 1, IsHumanControllingUs: 0, StartBugReporterOnCrash: 0, Is64bit: 1, IsPro: 1

COMMAND LINE ARGUMENTS:
C:\Program Files\Unity\Hub\Editor\2021.3.22f1\Editor\Unity.exe
-adb2
-batchMode
-noUpm
-name
AssetImportWorker0
-projectPath
D:/UnityLessons/Digital_Game_Factory/MAZE_BALL_3D/MazeBall
-logFile
Logs/AssetImportWorker0.log
-srvPort
51000
Successfully changed project path to: D:/UnityLessons/Digital_Game_Factory/MAZE_BALL_3D/MazeBall
D:/UnityLessons/Digital_Game_Factory/MAZE_BALL_3D/MazeBall
[UnityMemory] Configuration Parameters - Can be set up in boot.config
    "memorysetup-bucket-allocator-granularity=16"
    "memorysetup-bucket-allocator-bucket-count=8"
    "memorysetup-bucket-allocator-block-size=33554432"
    "memorysetup-bucket-allocator-block-count=8"
    "memorysetup-main-allocator-block-size=16777216"
    "memorysetup-thread-allocator-block-size=16777216"
    "memorysetup-gfx-main-allocator-block-size=16777216"
    "memorysetup-gfx-thread-allocator-block-size=16777216"
    "memorysetup-cache-allocator-block-size=4194304"
    "memorysetup-typetree-allocator-block-size=2097152"
    "memorysetup-profiler-bucket-allocator-granularity=16"
    "memorysetup-profiler-bucket-allocator-bucket-count=8"
    "memorysetup-profiler-bucket-allocator-block-size=33554432"
    "memorysetup-profiler-bucket-allocator-block-count=8"
    "memorysetup-profiler-allocator-block-size=16777216"
    "memorysetup-profiler-editor-allocator-block-size=1048576"
    "memorysetup-temp-allocator-size-main=16777216"
    "memorysetup-job-temp-allocator-block-size=2097152"
    "memorysetup-job-temp-allocator-block-size-background=1048576"
    "memorysetup-job-temp-allocator-reduction-small-platforms=262144"
    "memorysetup-temp-allocator-size-background-worker=32768"
    "memorysetup-temp-allocator-size-job-worker=262144"
    "memorysetup-temp-allocator-size-preload-manager=33554432"
    "memorysetup-temp-allocator-size-nav-mesh-worker=65536"
    "memorysetup-temp-allocator-size-audio-worker=65536"
    "memorysetup-temp-allocator-size-cloud-worker=32768"
    "memorysetup-temp-allocator-size-gi-baking-worker=262144"
    "memorysetup-temp-allocator-size-gfx=262144"
Player connection [4940] Host "[IP] 192.168.1.40 [Port] 0 [Flags] 2 [Guid] 1302981271 [EditorId] 1302981271 [Version] 1048832 [Id] WindowsEditor(7,DESKTOP-VMD7UEU) [Debug] 1 [PackageName] WindowsEditor [ProjectName] Editor" joined multi-casting on [225.0.0.222:54997]...

Player connection [4940] Host "[IP] 192.168.1.40 [Port] 0 [Flags] 2 [Guid] 1302981271 [EditorId] 1302981271 [Version] 1048832 [Id] WindowsEditor(7,DESKTOP-VMD7UEU) [Debug] 1 [PackageName] WindowsEditor [ProjectName] Editor" joined alternative multi-casting on [225.0.0.222:34997]...

Refreshing native plugins compatible for Editor in 73.25 ms, found 3 plugins.
Preloading 0 native plugins for Editor in 0.00 ms.
Initialize engine version: 2021.3.22f1 (b6c551784ba3)
[Subsystems] Discovering subsystems at path C:/Program Files/Unity/Hub/Editor/2021.3.22f1/Editor/Data/Resources/UnitySubsystems
[Subsystems] Discovering subsystems at path D:/UnityLessons/Digital_Game_Factory/MAZE_BALL_3D/MazeBall/Assets
GfxDevice: creating device client; threaded=0; jobified=0
Direct3D:
    Version:  Direct3D 11.0 [level 11.1]
    Renderer: NVIDIA GeForce RTX 2060 (ID=0x1f08)
    Vendor:   NVIDIA
    VRAM:     5968 MB
    Driver:   31.0.15.3699
Initialize mono
Mono path[0] = 'C:/Program Files/Unity/Hub/Editor/2021.3.22f1/Editor/Data/Managed'
Mono path[1] = 'C:/Program Files/Unity/Hub/Editor/2021.3.22f1/Editor/Data/MonoBleedingEdge/lib/mono/unityjit-win32'
Mono config path = 'C:/Program Files/Unity/Hub/Editor/2021.3.22f1/Editor/Data/MonoBleedingEdge/etc'
Using monoOptions --debugger-agent=transport=dt_socket,embedding=1,server=y,suspend=n,address=127.0.0.1:56820
Begin MonoManager ReloadAssembly
Registering precompiled unity dll's ...
Register platform support module: C:/Program Files/Unity/Hub/Editor/2021.3.22f1/Editor/Data/PlaybackEngines/WebGLSupport/UnityEditor.WebGL.Extensions.dll
Register platform support module: C:/Program Files/Unity/Hub/Editor/2021.3.22f1/Editor/Data/PlaybackEngines/AndroidPlayer/UnityEditor.Android.Extensions.dll
Register platform support module: C:/Program Files/Unity/Hub/Editor/2021.3.22f1/Editor/Data/PlaybackEngines/iOSSupport/UnityEditor.iOS.Extensions.dll
Register platform support module: C:/Program Files/Unity/Hub/Editor/2021.3.22f1/Editor/Data/PlaybackEngines/WindowsStandaloneSupport/UnityEditor.WindowsStandalone.Extensions.dll
Register platform support module: C:/Program Files/Unity/Hub/Editor/2021.3.22f1/Editor/Data/PlaybackEngines/LinuxStandaloneSupport/UnityEditor.LinuxStandalone.Extensions.dll
Register platform support module: C:/Program Files/Unity/Hub/Editor/2021.3.22f1/Editor/Data/PlaybackEngines/MetroSupport/UnityEditor.UWP.Extensions.dll
Registered in 0.013907 seconds.
Native extension for UWP target not found
Native extension for LinuxStandalone target not found
Native extension for WindowsStandalone target not found
[usbmuxd] Start listen thread
[usbmuxd] Listen thread started
Native extension for iOS target not found
Native extension for Android target not found
Android Extension - Scanning For ADB Devices 260 ms
Native extension for WebGL target not found
Refreshing native plugins compatible for Editor in 76.25 ms, found 3 plugins.
Preloading 0 native plugins for Editor in 0.00 ms.
Mono: successfully reloaded assembly
- Completed reload, in  0.979 seconds
Domain Reload Profiling:
	ReloadAssembly (980ms)
		BeginReloadAssembly (93ms)
			ExecutionOrderSort (0ms)
			DisableScriptedObjects (0ms)
			BackupInstance (0ms)
			ReleaseScriptingObjects (0ms)
			CreateAndSetChildDomain (1ms)
		EndReloadAssembly (772ms)
			LoadAssemblies (91ms)
			RebuildTransferFunctionScriptingTraits (0ms)
			SetupTypeCache (116ms)
			ReleaseScriptCaches (0ms)
			RebuildScriptCaches (28ms)
			SetupLoadedEditorAssemblies (569ms)
				LogAssemblyErrors (0ms)
				InitializePlatformSupportModulesInManaged (349ms)
				SetLoadedEditorAssemblies (0ms)
				RefreshPlugins (76ms)
				BeforeProcessingInitializeOnLoad (1ms)
				ProcessInitializeOnLoadAttributes (97ms)
				ProcessInitializeOnLoadMethodAttributes (44ms)
				AfterProcessingInitializeOnLoad (0ms)
				EditorAssembliesLoaded (0ms)
			ExecutionOrderSort2 (0ms)
			AwakeInstancesAfterBackupRestoration (0ms)
Platform modules already initialized, skipping
Registering precompiled user dll's ...
Registered in 0.004031 seconds.
Begin MonoManager ReloadAssembly
Symbol file LoadedFromMemory doesn't match image D:\UnityLessons\Digital_Game_Factory\MAZE_BALL_3D\MazeBall\Library\PackageCache\com.unity.visualscripting@1.8.0\Editor\VisualScripting.Core\Dependencies\YamlDotNet\Unity.VisualScripting.YamlDotNet.dll
Symbol file LoadedFromMemory doesn't match image D:\UnityLessons\Digital_Game_Factory\MAZE_BALL_3D\MazeBall\Library\PackageCache\com.unity.visualscripting@1.8.0\Editor\VisualScripting.Core\Dependencies\DotNetZip\Unity.VisualScripting.IonicZip.dll
Native extension for UWP target not found
Native extension for LinuxStandalone target not found
Native extension for WindowsStandalone target not found
Native extension for iOS target not found
Native extension for Android target not found
Native extension for WebGL target not found
Refreshing native plugins compatible for Editor in 0.58 ms, found 3 plugins.
Preloading 0 native plugins for Editor in 0.00 ms.
Mono: successfully reloaded assembly
- Completed reload, in  1.067 seconds
Domain Reload Profiling:
	ReloadAssembly (1068ms)
		BeginReloadAssembly (132ms)
			ExecutionOrderSort (0ms)
			DisableScriptedObjects (6ms)
			BackupInstance (0ms)
			ReleaseScriptingObjects (0ms)
			CreateAndSetChildDomain (20ms)
		EndReloadAssembly (816ms)
			LoadAssemblies (98ms)
			RebuildTransferFunctionScriptingTraits (0ms)
			SetupTypeCache (278ms)
			ReleaseScriptCaches (1ms)
			RebuildScriptCaches (50ms)
			SetupLoadedEditorAssemblies (362ms)
				LogAssemblyErrors (0ms)
				InitializePlatformSupportModulesInManaged (38ms)
				SetLoadedEditorAssemblies (0ms)
				RefreshPlugins (1ms)
				BeforeProcessingInitializeOnLoad (80ms)
				ProcessInitializeOnLoadAttributes (213ms)
				ProcessInitializeOnLoadMethodAttributes (20ms)
				AfterProcessingInitializeOnLoad (10ms)
				EditorAssembliesLoaded (0ms)
			ExecutionOrderSort2 (0ms)
			AwakeInstancesAfterBackupRestoration (6ms)
Platform modules already initialized, skipping
========================================================================
Worker process is ready to serve import requests
Launched and connected shader compiler UnityShaderCompiler.exe after 0.05 seconds
Refreshing native plugins compatible for Editor in 0.72 ms, found 3 plugins.
Preloading 0 native plugins for Editor in 0.00 ms.
Unloading 3047 Unused Serialized files (Serialized files now loaded: 0)
Unloading 24 unused Assets / (113.4 KB). Loaded Objects now: 3509.
Memory consumption went from 107.6 MB to 107.4 MB.
Total: 3.475200 ms (FindLiveObjects: 0.288100 ms CreateObjectMapping: 0.075600 ms MarkObjects: 2.978700 ms  DeleteObjects: 0.131200 ms)

AssetImportParameters requested are different than current active one (requested -> active):
  custom:video-decoder-ogg-theora: a1e56fd34408186e4bbccfd4996cb3dc -> 
  custom:container-muxer-webm: aa71ff27fc2769a1b78a27578f13a17b -> 
  custom:container-demuxer-webm: 4f35f7cbe854078d1ac9338744f61a02 -> 
  custom:video-encoder-webm-vp8: eb34c28f22e8b96e1ab97ce403110664 -> 
  custom:audio-encoder-webm-vorbis: bf7c407c2cedff20999df2af8eb42d56 -> 
  custom:framework-win-MediaFoundation: 216162199b28c13a410421893ffa2e32 -> 
  custom:container-demuxer-ogg: 62fdf1f143b41e24485cea50d1cbac27 -> 
  custom:video-decoder-webm-vp8: 9c59270c3fd7afecdb556c50c9e8de78 -> 
  custom:audio-decoder-ogg-vorbis: bf7c407c2cedff20999df2af8eb42d56 -> 
========================================================================
Received Import Request.
  Time since last request: 6017.200874 seconds.
  path: Assets
  artifactKey: Guid(00000000000000001000000000000000) Importer(815301076,1909f56bfc062723c751e8b465ee728b)
Start importing Assets using Guid(00000000000000001000000000000000) Importer(815301076,1909f56bfc062723c751e8b465ee728b)  -> (artifact id: '79842766b460edbeab6a34051e857a80') in 0.016124 seconds 
========================================================================
Received Import Request.
  Time since last request: 1.849797 seconds.
  path: Assets/Materials
  artifactKey: Guid(21d124bc77a431d49b87bf1e0bb87854) Importer(815301076,1909f56bfc062723c751e8b465ee728b)
Start importing Assets/Materials using Guid(21d124bc77a431d49b87bf1e0bb87854) Importer(815301076,1909f56bfc062723c751e8b465ee728b)  -> (artifact id: 'aae720c899ec8ec3fc276f034e3c0dc0') in 0.012087 seconds 
========================================================================
Received Import Request.
  Time since last request: 7.017498 seconds.
  path: Assets/Scripts
  artifactKey: Guid(e3d6443555019514d9ca028502f8df5f) Importer(815301076,1909f56bfc062723c751e8b465ee728b)
Start importing Assets/Scripts using Guid(e3d6443555019514d9ca028502f8df5f) Importer(815301076,1909f56bfc062723c751e8b465ee728b)  -> (artifact id: 'c838d98ebdb2bba7c479edf92c6d9aae') in 0.009854 seconds 
========================================================================
Received Import Request.
  Time since last request: 6.775102 seconds.
  path: Assets/Textures
  artifactKey: Guid(54c7de47047c9a240b2b677b7e74a51b) Importer(815301076,1909f56bfc062723c751e8b465ee728b)
Start importing Assets/Textures using Guid(54c7de47047c9a240b2b677b7e74a51b) Importer(815301076,1909f56bfc062723c751e8b465ee728b)  -> (artifact id: '66f0033772d2a469ca43d8deccdfe091') in 0.008137 seconds 
========================================================================
Received Import Request.
  Time since last request: 6.572648 seconds.
  path: Assets/Prefabs
  artifactKey: Guid(ea0d6da3b073b994eb15fe47dc16c77f) Importer(815301076,1909f56bfc062723c751e8b465ee728b)
Start importing Assets/Prefabs using Guid(ea0d6da3b073b994eb15fe47dc16c77f) Importer(815301076,1909f56bfc062723c751e8b465ee728b)  -> (artifact id: '181f53ab1c430ede60e9c3a92b16de4a') in 0.008833 seconds 
========================================================================
Received Import Request.
  Time since last request: 163.535475 seconds.
  path: Assets/Materials/Wall
  artifactKey: Guid(a5e38a3ee85ded34fa721a5b87c8820f) Importer(815301076,1909f56bfc062723c751e8b465ee728b)
Start importing Assets/Materials/Wall using Guid(a5e38a3ee85ded34fa721a5b87c8820f) Importer(815301076,1909f56bfc062723c751e8b465ee728b)  -> (artifact id: '7e51174de3ebf189fa41ba3c88abe562') in 0.008437 seconds 
========================================================================
Received Import Request.
  Time since last request: 5.372224 seconds.
  path: Assets/Materials/New Folder
  artifactKey: Guid(059a17b3d40e6fd498e06de1eebc4f94) Importer(815301076,1909f56bfc062723c751e8b465ee728b)
Start importing Assets/Materials/New Folder using Guid(059a17b3d40e6fd498e06de1eebc4f94) Importer(815301076,1909f56bfc062723c751e8b465ee728b)  -> (artifact id: 'f9e05e12da49f20869b5b539573d3678') in 0.010133 seconds 
========================================================================
Received Import Request.
  Time since last request: 10.599285 seconds.
  path: Assets/Materials/Wall.mat
  artifactKey: Guid(143706a109871fc4f95fb57a7b09ef1d) Importer(815301076,1909f56bfc062723c751e8b465ee728b)
Start importing Assets/Materials/Wall.mat using Guid(143706a109871fc4f95fb57a7b09ef1d) Importer(815301076,1909f56bfc062723c751e8b465ee728b)  -> (artifact id: 'c9590aba3fa4293c9b5cacb3fa6eec79') in 0.353530 seconds 
========================================================================
Received Import Request.
  Time since last request: 4.964695 seconds.
  path: Assets/Materials/Plane.mat
  artifactKey: Guid(5fad1846229b16c479919e8c0d00bfeb) Importer(815301076,1909f56bfc062723c751e8b465ee728b)
Start importing Assets/Materials/Plane.mat using Guid(5fad1846229b16c479919e8c0d00bfeb) Importer(815301076,1909f56bfc062723c751e8b465ee728b)  -> (artifact id: '6a178fc3b323b0987ec015b95daa9d66') in 0.028249 seconds 
========================================================================
Received Import Request.
  Time since last request: 6.821257 seconds.
  path: Assets/Materials/Ball.mat
  artifactKey: Guid(01147ca5b7dde924b82782305fdc7780) Importer(815301076,1909f56bfc062723c751e8b465ee728b)
Start importing Assets/Materials/Ball.mat using Guid(01147ca5b7dde924b82782305fdc7780) Importer(815301076,1909f56bfc062723c751e8b465ee728b)  -> (artifact id: 'ce44b9f7d037e0ceaa05e3cadd590bdb') in 0.015956 seconds 
========================================================================
Received Import Request.
  Time since last request: 6.822197 seconds.
  path: Assets/Materials/Start.mat
  artifactKey: Guid(6b41cfb87fda5ce40becb8cd34766e51) Importer(815301076,1909f56bfc062723c751e8b465ee728b)
Start importing Assets/Materials/Start.mat using Guid(6b41cfb87fda5ce40becb8cd34766e51) Importer(815301076,1909f56bfc062723c751e8b465ee728b)  -> (artifact id: 'ae1a942a169398eeddf55c802578d242') in 0.015887 seconds 
========================================================================
Received Import Request.
  Time since last request: 8.412338 seconds.
  path: Assets/Materials/Finish.mat
  artifactKey: Guid(71b16db8e1b51ff44bf1aeda2ee456a5) Importer(815301076,1909f56bfc062723c751e8b465ee728b)
Start importing Assets/Materials/Finish.mat using Guid(71b16db8e1b51ff44bf1aeda2ee456a5) Importer(815301076,1909f56bfc062723c751e8b465ee728b)  -> (artifact id: '2f11e7dbc08de5604a381b758ce3937b') in 0.014098 seconds 
========================================================================
Received Import Request.
  Time since last request: 26.582611 seconds.
  path: Assets/Materials/Finish.mat
  artifactKey: Guid(71b16db8e1b51ff44bf1aeda2ee456a5) Importer(815301076,1909f56bfc062723c751e8b465ee728b)
Start importing Assets/Materials/Finish.mat using Guid(71b16db8e1b51ff44bf1aeda2ee456a5) Importer(815301076,1909f56bfc062723c751e8b465ee728b)  -> (artifact id: 'b45b02e95e50182439c37aeb7fabd6ab') in 0.014012 seconds 
========================================================================
Received Import Request.
  Time since last request: 135.783118 seconds.
  path: Assets/Materials/47074.jpg
  artifactKey: Guid(9065c803e2193b74ea2b92eb7977b5c1) Importer(815301076,1909f56bfc062723c751e8b465ee728b)
Start importing Assets/Materials/47074.jpg using Guid(9065c803e2193b74ea2b92eb7977b5c1) Importer(815301076,1909f56bfc062723c751e8b465ee728b)  -> (artifact id: '4a47b05e9e9d24551f41a274e04274c7') in 0.063388 seconds 
========================================================================
Received Import Request.
  Time since last request: 11.875896 seconds.
  path: Assets/Materials/47074.jpg
  artifactKey: Guid(9065c803e2193b74ea2b92eb7977b5c1) Importer(815301076,1909f56bfc062723c751e8b465ee728b)
Start importing Assets/Materials/47074.jpg using Guid(9065c803e2193b74ea2b92eb7977b5c1) Importer(815301076,1909f56bfc062723c751e8b465ee728b)  -> (artifact id: '85456250d6995c7bc92cb9b28d422805') in 0.016573 seconds 
========================================================================
Received Import Request.
  Time since last request: 179.537828 seconds.
  path: Assets/Materials/Wall.mat
  artifactKey: Guid(143706a109871fc4f95fb57a7b09ef1d) Importer(815301076,1909f56bfc062723c751e8b465ee728b)
Start importing Assets/Materials/Wall.mat using Guid(143706a109871fc4f95fb57a7b09ef1d) Importer(815301076,1909f56bfc062723c751e8b465ee728b)  -> (artifact id: 'f7c794f1ba05817600949b9ba7108d0f') in 0.019137 seconds 
========================================================================
Received Import Request.
  Time since last request: 20.930671 seconds.
  path: Assets/Materials/Materials
  artifactKey: Guid(855350d72edd5b546aba24877b32789a) Importer(815301076,1909f56bfc062723c751e8b465ee728b)
Start importing Assets/Materials/Materials using Guid(855350d72edd5b546aba24877b32789a) Importer(815301076,1909f56bfc062723c751e8b465ee728b)  -> (artifact id: '016e19b09b3027c75407df528b03f1a3') in 0.001966 seconds 
========================================================================
Received Import Request.
  Time since last request: 0.056750 seconds.
  path: Assets/Materials/Materials/Stylize Wood  Diffuse.mat
  artifactKey: Guid(4c577c226c9a1694c87afcaa1fe637d8) Importer(815301076,1909f56bfc062723c751e8b465ee728b)
Start importing Assets/Materials/Materials/Stylize Wood  Diffuse.mat using Guid(4c577c226c9a1694c87afcaa1fe637d8) Importer(815301076,1909f56bfc062723c751e8b465ee728b)  -> (artifact id: 'e6430790229675f1afcf5db157d57062') in 0.099437 seconds 
========================================================================
Received Import Request.
  Time since last request: 15.291672 seconds.
  path: Assets/Textures/Textures/vol_2_3_Ambient_Occlusion.png
  artifactKey: Guid(40a62786649ecba4280166147e79e5f1) Importer(815301076,1909f56bfc062723c751e8b465ee728b)
Start importing Assets/Textures/Textures/vol_2_3_Ambient_Occlusion.png using Guid(40a62786649ecba4280166147e79e5f1) Importer(815301076,1909f56bfc062723c751e8b465ee728b)  -> (artifact id: 'e873363cb2d7090e7a9e5b15548b9288') in 0.022489 seconds 
========================================================================
Received Import Request.
  Time since last request: 0.000028 seconds.
  path: Assets/Textures/Textures/vol_2_3_Roughness.png
  artifactKey: Guid(293e4f1537bb38545b9d96e01d2e47f4) Importer(815301076,1909f56bfc062723c751e8b465ee728b)
Start importing Assets/Textures/Textures/vol_2_3_Roughness.png using Guid(293e4f1537bb38545b9d96e01d2e47f4) Importer(815301076,1909f56bfc062723c751e8b465ee728b)  -> (artifact id: '54f58e068dabbe4e642a0e5488805a59') in 0.017543 seconds 
========================================================================
Received Import Request.
  Time since last request: 0.000033 seconds.
  path: Assets/Textures/Textures/vol_2_3_Normal.png
  artifactKey: Guid(c3f6480e1852bf34e819f74d58c5477f) Importer(815301076,1909f56bfc062723c751e8b465ee728b)
Start importing Assets/Textures/Textures/vol_2_3_Normal.png using Guid(c3f6480e1852bf34e819f74d58c5477f) Importer(815301076,1909f56bfc062723c751e8b465ee728b)  -> (artifact id: 'dc5588754c15956e3c5b2d51c62fcee6') in 0.032389 seconds 
Editor requested this worker to shutdown with reason: Scaling down because of idle timeout
AssetImportWorker is now disconnected from the server
Process exiting
Exiting without the bug reporter. Application will terminate with return code 0